<?xml version="1.0" encoding="UTF-8"?>
<!-- Generated by org.testng.reporters.JUnitXMLReporter -->
<testsuite hostname="Bharaths-MacBook-Air.local" name="Command line test" tests="7" failures="0" timestamp="5 Apr 2022 12:09:06 GMT" time="0.724" errors="0">
  <testcase name="acceptableContentType" time="0.289" classname="com.google.apigee.edgecallouts.TestXopHandler"/>
  <testcase name="parseMessage" time="0.048" classname="com.google.apigee.edgecallouts.TestXopHandler"/>
  <testcase name="unacceptableContentType" time="0.022" classname="com.google.apigee.edgecallouts.TestXopHandler"/>
  <testcase name="withBogusAction" time="0.01" classname="com.google.apigee.edgecallouts.TestXopHandler"/>
  <testcase name="withEmbedAction" time="0.026" classname="com.google.apigee.edgecallouts.TestXopHandler"/>
  <testcase name="withExtractAction" time="0.016" classname="com.google.apigee.edgecallouts.TestXopHandler"/>
  <testcase name="withExtractActionMyOwn" time="0.103" classname="com.google.apigee.edgecallouts.TestXopHandler"/>
</testsuite> <!-- Command line test -->
